This file contains any messages produced by compilers while
running configure, to aid debugging if configure makes a mistake.

It was created by libaacplus configure 2.0.2, which was
generated by GNU Autoconf 2.67.  Invocation command line was

  $ ./configure 

## --------- ##
## Platform. ##
## --------- ##

hostname = andrew-desktop
uname -m = x86_64
uname -r = 2.6.35-32-generic
uname -s = Linux
uname -v = #67-Ubuntu SMP Mon Mar 5 19:39:49 UTC 2012

/usr/bin/uname -p = unknown
/bin/uname -X     = unknown

/bin/arch              = unknown
/usr/bin/arch -k       = unknown
/usr/convex/getsysinfo = unknown
/usr/bin/hostinfo      = unknown
/bin/machine           = unknown
/usr/bin/oslevel       = unknown
/bin/universe          = unknown

PATH: /home/andrew/apache-maven-3.0.4/bin
PATH: /home/shared/android-ndk/
PATH: /home/shared/android-sdks/platform-tools/
PATH: /usr/local/sbin
PATH: /usr/local/bin
PATH: /usr/sbin
PATH: /usr/bin
PATH: /sbin
PATH: /bin
PATH: /usr/games


## ----------- ##
## Core tests. ##
## ----------- ##

configure:2514: checking for a BSD-compatible install
configure:2582: result: /usr/bin/install -c
configure:2593: checking whether build environment is sane
configure:2643: result: yes
configure:2784: checking for a thread-safe mkdir -p
configure:2823: result: /bin/mkdir -p
configure:2836: checking for gawk
configure:2866: result: no
configure:2836: checking for mawk
configure:2852: found /usr/bin/mawk
configure:2863: result: mawk
configure:2874: checking whether make sets $(MAKE)
configure:2896: result: yes
configure:3029: checking for gcc
configure:3045: found /usr/bin/gcc
configure:3056: result: gcc
configure:3285: checking for C compiler version
configure:3294: gcc --version >&5
gcc (Ubuntu/Linaro 4.4.4-14ubuntu5.1) 4.4.5
Copyright (C) 2010 Free Software Foundation, Inc.
This is free software; see the source for copying conditions.  There is NO
warranty; not even for MERCHANTABILITY or FITNESS FOR A PARTICULAR PURPOSE.

configure:3305: $? = 0
configure:3294: gcc -v >&5
Using built-in specs.
Target: x86_64-linux-gnu
Configured with: ../src/configure -v --with-pkgversion='Ubuntu/Linaro 4.4.4-14ubuntu5.1' --with-bugurl=file:///usr/share/doc/gcc-4.4/README.Bugs --enable-languages=c,c++,fortran,objc,obj-c++ --prefix=/usr --program-suffix=-4.4 --enable-shared --enable-multiarch --enable-linker-build-id --with-system-zlib --libexecdir=/usr/lib --without-included-gettext --enable-threads=posix --with-gxx-include-dir=/usr/include/c++/4.4 --libdir=/usr/lib --enable-nls --with-sysroot=/ --enable-clocale=gnu --enable-libstdcxx-debug --enable-objc-gc --disable-werror --with-arch-32=i686 --with-tune=generic --enable-checking=release --build=x86_64-linux-gnu --host=x86_64-linux-gnu --target=x86_64-linux-gnu
Thread model: posix
gcc version 4.4.5 (Ubuntu/Linaro 4.4.4-14ubuntu5.1) 
configure:3305: $? = 0
configure:3294: gcc -V >&5
gcc: '-V' option must have argument
configure:3305: $? = 1
configure:3294: gcc -qversion >&5
gcc: unrecognized option '-qversion'
gcc: no input files
configure:3305: $? = 1
configure:3325: checking whether the C compiler works
configure:3347: gcc    conftest.c  >&5
configure:3351: $? = 0
configure:3399: result: yes
configure:3402: checking for C compiler default output file name
configure:3404: result: a.out
configure:3410: checking for suffix of executables
configure:3417: gcc -o conftest    conftest.c  >&5
configure:3421: $? = 0
configure:3443: result: 
configure:3465: checking whether we are cross compiling
configure:3473: gcc -o conftest    conftest.c  >&5
configure:3477: $? = 0
configure:3484: ./conftest
configure:3488: $? = 0
configure:3503: result: no
configure:3508: checking for suffix of object files
configure:3530: gcc -c   conftest.c >&5
configure:3534: $? = 0
configure:3555: result: o
configure:3559: checking whether we are using the GNU C compiler
configure:3578: gcc -c   conftest.c >&5
configure:3578: $? = 0
configure:3587: result: yes
configure:3596: checking whether gcc accepts -g
configure:3616: gcc -c -g  conftest.c >&5
configure:3616: $? = 0
configure:3657: result: yes
configure:3674: checking for gcc option to accept ISO C89
configure:3738: gcc  -c -g -O2  conftest.c >&5
configure:3738: $? = 0
configure:3751: result: none needed
configure:3782: checking for style of include used by make
configure:3810: result: GNU
configure:3835: checking dependency style of gcc
configure:3945: result: gcc3
configure:3961: checking whether gcc and cc understand -c and -o together
configure:3992: gcc -c conftest.c -o conftest2.o >&5
configure:3996: $? = 0
configure:4002: gcc -c conftest.c -o conftest2.o >&5
configure:4006: $? = 0
configure:4017: cc -c conftest.c >&5
configure:4021: $? = 0
configure:4029: cc -c conftest.c -o conftest2.o >&5
configure:4033: $? = 0
configure:4039: cc -c conftest.c -o conftest2.o >&5
configure:4043: $? = 0
configure:4061: result: yes
configure:4091: checking how to run the C preprocessor
configure:4122: gcc -E  conftest.c
configure:4122: $? = 0
configure:4136: gcc -E  conftest.c
conftest.c:11: fatal error: ac_nonexistent.h: No such file or directory
compilation terminated.
configure:4136: $? = 1
configure: failed program was:
| /* confdefs.h */
| #define PACKAGE_NAME "libaacplus"
| #define PACKAGE_TARNAME "libaacplus"
| #define PACKAGE_VERSION "2.0.2"
| #define PACKAGE_STRING "libaacplus 2.0.2"
| #define PACKAGE_BUGREPORT "Sergiy Guriev <piratfm@ua.fm>"
| #define PACKAGE_URL ""
| #define PACKAGE "libaacplus"
| #define VERSION "2.0.2"
| /* end confdefs.h.  */
| #include <ac_nonexistent.h>
configure:4161: result: gcc -E
configure:4181: gcc -E  conftest.c
configure:4181: $? = 0
configure:4195: gcc -E  conftest.c
conftest.c:11: fatal error: ac_nonexistent.h: No such file or directory
compilation terminated.
configure:4195: $? = 1
configure: failed program was:
| /* confdefs.h */
| #define PACKAGE_NAME "libaacplus"
| #define PACKAGE_TARNAME "libaacplus"
| #define PACKAGE_VERSION "2.0.2"
| #define PACKAGE_STRING "libaacplus 2.0.2"
| #define PACKAGE_BUGREPORT "Sergiy Guriev <piratfm@ua.fm>"
| #define PACKAGE_URL ""
| #define PACKAGE "libaacplus"
| #define VERSION "2.0.2"
| /* end confdefs.h.  */
| #include <ac_nonexistent.h>
configure:4224: checking whether ln -s works
configure:4228: result: yes
configure:4235: checking whether make sets $(MAKE)
configure:4257: result: yes
configure:4270: checking build system type
configure:4284: result: x86_64-unknown-linux-gnu
configure:4304: checking host system type
configure:4317: result: x86_64-unknown-linux-gnu
configure:4665: checking for a sed that does not truncate output
configure:4729: result: /bin/sed
configure:4747: checking for grep that handles long lines and -e
configure:4805: result: /bin/grep
configure:4810: checking for egrep
configure:4872: result: /bin/grep -E
configure:4877: checking for fgrep
configure:4939: result: /bin/grep -F
configure:4974: checking for ld used by gcc
configure:5041: result: /usr/bin/ld
configure:5048: checking if the linker (/usr/bin/ld) is GNU ld
configure:5063: result: yes
configure:5075: checking for BSD- or MS-compatible name lister (nm)
configure:5124: result: /usr/bin/nm -B
configure:5242: checking the name lister (/usr/bin/nm -B) interface
configure:5249: gcc -c -g -O2  conftest.c >&5
configure:5252: /usr/bin/nm -B "conftest.o"
configure:5255: output
0000000000000000 B some_variable
configure:5262: result: BSD nm
configure:5266: checking the maximum length of command line arguments
configure:5386: result: 1572864
configure:5403: checking whether the shell understands some XSI constructs
configure:5413: result: yes
configure:5417: checking whether the shell understands "+="
configure:5423: result: yes
configure:5458: checking for /usr/bin/ld option to reload object files
configure:5465: result: -r
configure:5534: checking for objdump
configure:5561: result: objdump
configure:5590: checking how to recognize dependent libraries
configure:5786: result: pass_all
configure:5846: checking for ar
configure:5862: found /usr/bin/ar
configure:5873: result: ar
configure:5951: checking for strip
configure:5967: found /usr/bin/strip
configure:5978: result: strip
configure:6050: checking for ranlib
configure:6066: found /usr/bin/ranlib
configure:6077: result: ranlib
configure:6167: checking command to parse /usr/bin/nm -B output from gcc object
configure:6285: gcc -c -g -O2  conftest.c >&5
configure:6288: $? = 0
configure:6292: /usr/bin/nm -B conftest.o \| sed -n -e 's/^.*[	 ]\([ABCDGIRSTW][ABCDGIRSTW]*\)[	 ][	 ]*\([_A-Za-z][_A-Za-z0-9]*\)$/\1 \2 \2/p' \> conftest.nm
configure:6295: $? = 0
configure:6349: gcc -o conftest -g -O2   conftest.c conftstm.o >&5
configure:6352: $? = 0
configure:6390: result: ok
configure:6486: gcc -c -g -O2  conftest.c >&5
configure:6489: $? = 0
configure:7195: checking for ANSI C header files
configure:7215: gcc -c -g -O2  conftest.c >&5
configure:7215: $? = 0
configure:7288: gcc -o conftest -g -O2   conftest.c  >&5
configure:7288: $? = 0
configure:7288: ./conftest
configure:7288: $? = 0
configure:7299: result: yes
configure:7312: checking for sys/types.h
configure:7312: gcc -c -g -O2  conftest.c >&5
configure:7312: $? = 0
configure:7312: result: yes
configure:7312: checking for sys/stat.h
configure:7312: gcc -c -g -O2  conftest.c >&5
configure:7312: $? = 0
configure:7312: result: yes
configure:7312: checking for stdlib.h
configure:7312: gcc -c -g -O2  conftest.c >&5
configure:7312: $? = 0
configure:7312: result: yes
configure:7312: checking for string.h
configure:7312: gcc -c -g -O2  conftest.c >&5
configure:7312: $? = 0
configure:7312: result: yes
configure:7312: checking for memory.h
configure:7312: gcc -c -g -O2  conftest.c >&5
configure:7312: $? = 0
configure:7312: result: yes
configure:7312: checking for strings.h
configure:7312: gcc -c -g -O2  conftest.c >&5
configure:7312: $? = 0
configure:7312: result: yes
configure:7312: checking for inttypes.h
configure:7312: gcc -c -g -O2  conftest.c >&5
configure:7312: $? = 0
configure:7312: result: yes
configure:7312: checking for stdint.h
configure:7312: gcc -c -g -O2  conftest.c >&5
configure:7312: $? = 0
configure:7312: result: yes
configure:7312: checking for unistd.h
configure:7312: gcc -c -g -O2  conftest.c >&5
configure:7312: $? = 0
configure:7312: result: yes
configure:7326: checking for dlfcn.h
configure:7326: gcc -c -g -O2  conftest.c >&5
configure:7326: $? = 0
configure:7326: result: yes
configure:7508: checking for objdir
configure:7523: result: .libs
configure:7819: checking if gcc supports -fno-rtti -fno-exceptions
configure:7837: gcc -c -g -O2  -fno-rtti -fno-exceptions conftest.c >&5
cc1: warning: command line option "-fno-rtti" is valid for C++/ObjC++ but not for C
configure:7841: $? = 0
configure:7854: result: no
configure:7874: checking for gcc option to produce PIC
configure:8146: result: -fPIC -DPIC
configure:8158: checking if gcc PIC flag -fPIC -DPIC works
configure:8176: gcc -c -g -O2  -fPIC -DPIC -DPIC conftest.c >&5
configure:8180: $? = 0
configure:8193: result: yes
configure:8217: checking if gcc static flag -static works
configure:8245: result: yes
configure:8260: checking if gcc supports -c -o file.o
configure:8281: gcc -c -g -O2  -o out/conftest2.o conftest.c >&5
configure:8285: $? = 0
configure:8307: result: yes
configure:8315: checking if gcc supports -c -o file.o
configure:8362: result: yes
configure:8395: checking whether the gcc linker (/usr/bin/ld -m elf_x86_64) supports shared libraries
configure:9386: result: yes
configure:9423: checking whether -lc should be explicitly linked in
configure:9428: gcc -c -g -O2  conftest.c >&5
configure:9431: $? = 0
configure:9446: gcc -shared conftest.o  -v -Wl,-soname -Wl,conftest -o conftest 2\>\&1 \| /bin/grep  -lc  \>/dev/null 2\>\&1
configure:9449: $? = 0
configure:9461: result: no
configure:9625: checking dynamic linker characteristics
configure:10058: gcc -o conftest -g -O2   -Wl,-rpath -Wl,/foo conftest.c  >&5
configure:10058: $? = 0
configure:10288: result: GNU/Linux ld.so
configure:10390: checking how to hardcode library paths into programs
configure:10415: result: immediate
configure:10935: checking whether stripping libraries is possible
configure:10940: result: yes
configure:10975: checking if libtool supports shared libraries
configure:10977: result: yes
configure:10980: checking whether to build shared libraries
configure:11001: result: yes
configure:11004: checking whether to build static libraries
configure:11008: result: yes
configure:11045: checking for unzip
configure:11063: found /usr/bin/unzip
configure:11075: result: /usr/bin/unzip
configure:11088: checking for patch
configure:11106: found /usr/bin/patch
configure:11118: result: /usr/bin/patch
configure:11139: checking for /bin/bash
configure:11152: result: yes
configure:11277: checking for parameter expansion string replace capable shell
configure:11293: result: /bin/bash
configure:11319: checking for wget
configure:11337: found /usr/bin/wget
configure:11349: result: /usr/bin/wget
configure:11364: checking for web downloading command
configure:11393: result: /usr/bin/wget -N
configure:11407: checking for library containing sqrt
configure:11438: gcc -o conftest -g -O2   conftest.c  >&5
conftest.c:30: warning: conflicting types for built-in function 'sqrt'
/tmp/ccqcqJJq.o: In function `main':
/home/andrew/pluggedin/android-ffmpeg/libaacplus-2.0.2/conftest.c:34: undefined reference to `sqrt'
collect2: ld returned 1 exit status
configure:11438: $? = 1
configure: failed program was:
| /* confdefs.h */
| #define PACKAGE_NAME "libaacplus"
| #define PACKAGE_TARNAME "libaacplus"
| #define PACKAGE_VERSION "2.0.2"
| #define PACKAGE_STRING "libaacplus 2.0.2"
| #define PACKAGE_BUGREPORT "Sergiy Guriev <piratfm@ua.fm>"
| #define PACKAGE_URL ""
| #define PACKAGE "libaacplus"
| #define VERSION "2.0.2"
| #define STDC_HEADERS 1
| #define HAVE_SYS_TYPES_H 1
| #define HAVE_SYS_STAT_H 1
| #define HAVE_STDLIB_H 1
| #define HAVE_STRING_H 1
| #define HAVE_MEMORY_H 1
| #define HAVE_STRINGS_H 1
| #define HAVE_INTTYPES_H 1
| #define HAVE_STDINT_H 1
| #define HAVE_UNISTD_H 1
| #define HAVE_DLFCN_H 1
| #define LT_OBJDIR ".libs/"
| /* end confdefs.h.  */
| 
| /* Override any GCC internal prototype to avoid an error.
|    Use char because int might match the return type of a GCC
|    builtin and then its argument prototype would still apply.  */
| #ifdef __cplusplus
| extern "C"
| #endif
| char sqrt ();
| int
| main ()
| {
| return sqrt ();
|   ;
|   return 0;
| }
configure:11438: gcc -o conftest -g -O2   conftest.c -lm   >&5
conftest.c:30: warning: conflicting types for built-in function 'sqrt'
configure:11438: $? = 0
configure:11455: result: -lm
configure:11465: checking for ANSI C header files
configure:11569: result: yes
configure:11580: checking float.h usability
configure:11580: gcc -c -g -O2  conftest.c >&5
configure:11580: $? = 0
configure:11580: result: yes
configure:11580: checking float.h presence
configure:11580: gcc -E  conftest.c
configure:11580: $? = 0
configure:11580: result: yes
configure:11580: checking for float.h
configure:11580: result: yes
configure:11580: checking for memory.h
configure:11580: result: yes
configure:11580: checking for stdint.h
configure:11580: result: yes
configure:11580: checking for stdlib.h
configure:11580: result: yes
configure:11580: checking for string.h
configure:11580: result: yes
configure:11596: checking for an ANSI C-conforming const
configure:11661: gcc -c -g -O2  conftest.c >&5
configure:11661: $? = 0
configure:11668: result: yes
configure:11676: checking for int16_t
configure:11676: gcc -c -g -O2  conftest.c >&5
configure:11676: $? = 0
configure:11676: gcc -c -g -O2  conftest.c >&5
conftest.c: In function 'main':
conftest.c:67: error: size of array 'test_array' is negative
configure:11676: $? = 1
configure: failed program was:
| /* confdefs.h */
| #define PACKAGE_NAME "libaacplus"
| #define PACKAGE_TARNAME "libaacplus"
| #define PACKAGE_VERSION "2.0.2"
| #define PACKAGE_STRING "libaacplus 2.0.2"
| #define PACKAGE_BUGREPORT "Sergiy Guriev <piratfm@ua.fm>"
| #define PACKAGE_URL ""
| #define PACKAGE "libaacplus"
| #define VERSION "2.0.2"
| #define STDC_HEADERS 1
| #define HAVE_SYS_TYPES_H 1
| #define HAVE_SYS_STAT_H 1
| #define HAVE_STDLIB_H 1
| #define HAVE_STRING_H 1
| #define HAVE_MEMORY_H 1
| #define HAVE_STRINGS_H 1
| #define HAVE_INTTYPES_H 1
| #define HAVE_STDINT_H 1
| #define HAVE_UNISTD_H 1
| #define HAVE_DLFCN_H 1
| #define LT_OBJDIR ".libs/"
| #define STDC_HEADERS 1
| #define HAVE_FLOAT_H 1
| #define HAVE_MEMORY_H 1
| #define HAVE_STDINT_H 1
| #define HAVE_STDLIB_H 1
| #define HAVE_STRING_H 1
| /* end confdefs.h.  */
| #include <stdio.h>
| #ifdef HAVE_SYS_TYPES_H
| # include <sys/types.h>
| #endif
| #ifdef HAVE_SYS_STAT_H
| # include <sys/stat.h>
| #endif
| #ifdef STDC_HEADERS
| # include <stdlib.h>
| # include <stddef.h>
| #else
| # ifdef HAVE_STDLIB_H
| #  include <stdlib.h>
| # endif
| #endif
| #ifdef HAVE_STRING_H
| # if !defined STDC_HEADERS && defined HAVE_MEMORY_H
| #  include <memory.h>
| # endif
| # include <string.h>
| #endif
| #ifdef HAVE_STRINGS_H
| # include <strings.h>
| #endif
| #ifdef HAVE_INTTYPES_H
| # include <inttypes.h>
| #endif
| #ifdef HAVE_STDINT_H
| # include <stdint.h>
| #endif
| #ifdef HAVE_UNISTD_H
| # include <unistd.h>
| #endif
| 	        enum { N = 16 / 2 - 1 };
| int
| main ()
| {
| static int test_array [1 - 2 * !((int16_t) (((((int16_t) 1 << N) << N) - 1) * 2 + 1)
| 		 < (int16_t) (((((int16_t) 1 << N) << N) - 1) * 2 + 2))];
| test_array [0] = 0
| 
|   ;
|   return 0;
| }
configure:11676: result: yes
configure:11687: checking for int32_t
configure:11687: gcc -c -g -O2  conftest.c >&5
configure:11687: $? = 0
configure:11687: gcc -c -g -O2  conftest.c >&5
conftest.c: In function 'main':
conftest.c:67: warning: integer overflow in expression
conftest.c:67: error: size of array 'test_array' is negative
configure:11687: $? = 1
configure: failed program was:
| /* confdefs.h */
| #define PACKAGE_NAME "libaacplus"
| #define PACKAGE_TARNAME "libaacplus"
| #define PACKAGE_VERSION "2.0.2"
| #define PACKAGE_STRING "libaacplus 2.0.2"
| #define PACKAGE_BUGREPORT "Sergiy Guriev <piratfm@ua.fm>"
| #define PACKAGE_URL ""
| #define PACKAGE "libaacplus"
| #define VERSION "2.0.2"
| #define STDC_HEADERS 1
| #define HAVE_SYS_TYPES_H 1
| #define HAVE_SYS_STAT_H 1
| #define HAVE_STDLIB_H 1
| #define HAVE_STRING_H 1
| #define HAVE_MEMORY_H 1
| #define HAVE_STRINGS_H 1
| #define HAVE_INTTYPES_H 1
| #define HAVE_STDINT_H 1
| #define HAVE_UNISTD_H 1
| #define HAVE_DLFCN_H 1
| #define LT_OBJDIR ".libs/"
| #define STDC_HEADERS 1
| #define HAVE_FLOAT_H 1
| #define HAVE_MEMORY_H 1
| #define HAVE_STDINT_H 1
| #define HAVE_STDLIB_H 1
| #define HAVE_STRING_H 1
| /* end confdefs.h.  */
| #include <stdio.h>
| #ifdef HAVE_SYS_TYPES_H
| # include <sys/types.h>
| #endif
| #ifdef HAVE_SYS_STAT_H
| # include <sys/stat.h>
| #endif
| #ifdef STDC_HEADERS
| # include <stdlib.h>
| # include <stddef.h>
| #else
| # ifdef HAVE_STDLIB_H
| #  include <stdlib.h>
| # endif
| #endif
| #ifdef HAVE_STRING_H
| # if !defined STDC_HEADERS && defined HAVE_MEMORY_H
| #  include <memory.h>
| # endif
| # include <string.h>
| #endif
| #ifdef HAVE_STRINGS_H
| # include <strings.h>
| #endif
| #ifdef HAVE_INTTYPES_H
| # include <inttypes.h>
| #endif
| #ifdef HAVE_STDINT_H
| # include <stdint.h>
| #endif
| #ifdef HAVE_UNISTD_H
| # include <unistd.h>
| #endif
| 	        enum { N = 32 / 2 - 1 };
| int
| main ()
| {
| static int test_array [1 - 2 * !((int32_t) (((((int32_t) 1 << N) << N) - 1) * 2 + 1)
| 		 < (int32_t) (((((int32_t) 1 << N) << N) - 1) * 2 + 2))];
| test_array [0] = 0
| 
|   ;
|   return 0;
| }
configure:11687: result: yes
configure:11698: checking for int8_t
configure:11698: gcc -c -g -O2  conftest.c >&5
configure:11698: $? = 0
configure:11698: gcc -c -g -O2  conftest.c >&5
conftest.c: In function 'main':
conftest.c:67: error: size of array 'test_array' is negative
configure:11698: $? = 1
configure: failed program was:
| /* confdefs.h */
| #define PACKAGE_NAME "libaacplus"
| #define PACKAGE_TARNAME "libaacplus"
| #define PACKAGE_VERSION "2.0.2"
| #define PACKAGE_STRING "libaacplus 2.0.2"
| #define PACKAGE_BUGREPORT "Sergiy Guriev <piratfm@ua.fm>"
| #define PACKAGE_URL ""
| #define PACKAGE "libaacplus"
| #define VERSION "2.0.2"
| #define STDC_HEADERS 1
| #define HAVE_SYS_TYPES_H 1
| #define HAVE_SYS_STAT_H 1
| #define HAVE_STDLIB_H 1
| #define HAVE_STRING_H 1
| #define HAVE_MEMORY_H 1
| #define HAVE_STRINGS_H 1
| #define HAVE_INTTYPES_H 1
| #define HAVE_STDINT_H 1
| #define HAVE_UNISTD_H 1
| #define HAVE_DLFCN_H 1
| #define LT_OBJDIR ".libs/"
| #define STDC_HEADERS 1
| #define HAVE_FLOAT_H 1
| #define HAVE_MEMORY_H 1
| #define HAVE_STDINT_H 1
| #define HAVE_STDLIB_H 1
| #define HAVE_STRING_H 1
| /* end confdefs.h.  */
| #include <stdio.h>
| #ifdef HAVE_SYS_TYPES_H
| # include <sys/types.h>
| #endif
| #ifdef HAVE_SYS_STAT_H
| # include <sys/stat.h>
| #endif
| #ifdef STDC_HEADERS
| # include <stdlib.h>
| # include <stddef.h>
| #else
| # ifdef HAVE_STDLIB_H
| #  include <stdlib.h>
| # endif
| #endif
| #ifdef HAVE_STRING_H
| # if !defined STDC_HEADERS && defined HAVE_MEMORY_H
| #  include <memory.h>
| # endif
| # include <string.h>
| #endif
| #ifdef HAVE_STRINGS_H
| # include <strings.h>
| #endif
| #ifdef HAVE_INTTYPES_H
| # include <inttypes.h>
| #endif
| #ifdef HAVE_STDINT_H
| # include <stdint.h>
| #endif
| #ifdef HAVE_UNISTD_H
| # include <unistd.h>
| #endif
| 	        enum { N = 8 / 2 - 1 };
| int
| main ()
| {
| static int test_array [1 - 2 * !((int8_t) (((((int8_t) 1 << N) << N) - 1) * 2 + 1)
| 		 < (int8_t) (((((int8_t) 1 << N) << N) - 1) * 2 + 2))];
| test_array [0] = 0
| 
|   ;
|   return 0;
| }
configure:11698: result: yes
configure:11709: checking for uint16_t
configure:11709: gcc -c -g -O2  conftest.c >&5
configure:11709: $? = 0
configure:11709: result: yes
configure:11725: checking for stdlib.h
configure:11725: result: yes
configure:11735: checking for GNU libc compatible malloc
configure:11759: gcc -o conftest -g -O2   conftest.c -lm  >&5
configure:11759: $? = 0
configure:11759: ./conftest
configure:11759: $? = 0
configure:11769: result: yes
configure:11790: checking for working memcmp
configure:11833: gcc -o conftest -g -O2   conftest.c -lm  >&5
configure:11833: $? = 0
configure:11833: ./conftest
configure:11833: $? = 0
configure:11843: result: yes
configure:11855: checking for floor
configure:11855: gcc -o conftest -g -O2   conftest.c -lm  >&5
conftest.c:54: warning: conflicting types for built-in function 'floor'
configure:11855: $? = 0
configure:11855: result: yes
configure:11855: checking for memmove
configure:11855: gcc -o conftest -g -O2   conftest.c -lm  >&5
conftest.c:55: warning: conflicting types for built-in function 'memmove'
configure:11855: $? = 0
configure:11855: result: yes
configure:11855: checking for memset
configure:11855: gcc -o conftest -g -O2   conftest.c -lm  >&5
conftest.c:56: warning: conflicting types for built-in function 'memset'
configure:11855: $? = 0
configure:11855: result: yes
configure:11855: checking for pow
configure:11855: gcc -o conftest -g -O2   conftest.c -lm  >&5
conftest.c:57: warning: conflicting types for built-in function 'pow'
configure:11855: $? = 0
configure:11855: result: yes
configure:11855: checking for sqrt
configure:11855: gcc -o conftest -g -O2   conftest.c -lm  >&5
conftest.c:58: warning: conflicting types for built-in function 'sqrt'
configure:11855: $? = 0
configure:11855: result: yes
configure:11892: checking for fftw3 library at /usr 
configure:11921: WARNING: not found
configure:11924: checking for fftw3 library at /usr/local 
configure:11967: WARNING: not found, building without fftw3
configure:11988: checking for pkg-config
configure:12004: found /usr/bin/pkg-config
configure:12016: result: yes
configure:12185: creating ./config.status

## ---------------------- ##
## Running config.status. ##
## ---------------------- ##

This file was extended by libaacplus config.status 2.0.2, which was
generated by GNU Autoconf 2.67.  Invocation command line was

  CONFIG_FILES    = 
  CONFIG_HEADERS  = 
  CONFIG_LINKS    = 
  CONFIG_COMMANDS = 
  $ ./config.status 

on andrew-desktop

config.status:1114: creating aacplus.spec
config.status:1114: creating aacplus-config
config.status:1222: WARNING:  'aacplus-config.in' seems to ignore the --datarootdir setting
config.status:1114: creating aacplus.pc
config.status:1114: creating Makefile
config.status:1114: creating src/Makefile
config.status:1114: creating patches/Makefile
config.status:1114: creating include/Makefile
config.status:1114: creating frontend/Makefile
config.status:1114: creating config.h
config.status:1294: config.h is unchanged
config.status:1342: executing depfiles commands
config.status:1342: executing libtool commands

## ---------------- ##
## Cache variables. ##
## ---------------- ##

ac_cv_build=x86_64-unknown-linux-gnu
ac_cv_c_compiler_gnu=yes
ac_cv_c_const=yes
ac_cv_c_int16_t=yes
ac_cv_c_int32_t=yes
ac_cv_c_int8_t=yes
ac_cv_c_uint16_t=yes
ac_cv_downloader_prog='/usr/bin/wget -N'
ac_cv_env_CC_set=
ac_cv_env_CC_value=
ac_cv_env_CFLAGS_set=
ac_cv_env_CFLAGS_value=
ac_cv_env_CPPFLAGS_set=
ac_cv_env_CPPFLAGS_value=
ac_cv_env_CPP_set=
ac_cv_env_CPP_value=
ac_cv_env_LDFLAGS_set=
ac_cv_env_LDFLAGS_value=
ac_cv_env_LIBS_set=
ac_cv_env_LIBS_value=
ac_cv_env_build_alias_set=
ac_cv_env_build_alias_value=
ac_cv_env_host_alias_set=
ac_cv_env_host_alias_value=
ac_cv_env_target_alias_set=
ac_cv_env_target_alias_value=
ac_cv_file__bin_bash=yes
ac_cv_func_floor=yes
ac_cv_func_malloc_0_nonnull=yes
ac_cv_func_memcmp_working=yes
ac_cv_func_memmove=yes
ac_cv_func_memset=yes
ac_cv_func_pow=yes
ac_cv_func_sqrt=yes
ac_cv_header_dlfcn_h=yes
ac_cv_header_float_h=yes
ac_cv_header_inttypes_h=yes
ac_cv_header_memory_h=yes
ac_cv_header_stdc=yes
ac_cv_header_stdint_h=yes
ac_cv_header_stdlib_h=yes
ac_cv_header_string_h=yes
ac_cv_header_strings_h=yes
ac_cv_header_sys_stat_h=yes
ac_cv_header_sys_types_h=yes
ac_cv_header_unistd_h=yes
ac_cv_host=x86_64-unknown-linux-gnu
ac_cv_objext=o
ac_cv_parameter_expansion_string_replace_capable_shell=/bin/bash
ac_cv_path_DOWNLOADER_PROG_CMD=/usr/bin/wget
ac_cv_path_EGREP='/bin/grep -E'
ac_cv_path_FGREP='/bin/grep -F'
ac_cv_path_GREP=/bin/grep
ac_cv_path_PATCH=/usr/bin/patch
ac_cv_path_SED=/bin/sed
ac_cv_path_UNZIP=/usr/bin/unzip
ac_cv_path_install='/usr/bin/install -c'
ac_cv_path_mkdir=/bin/mkdir
ac_cv_prog_AWK=mawk
ac_cv_prog_CPP='gcc -E'
ac_cv_prog_PKGCONFIG=yes
ac_cv_prog_ac_ct_AR=ar
ac_cv_prog_ac_ct_CC=gcc
ac_cv_prog_ac_ct_OBJDUMP=objdump
ac_cv_prog_ac_ct_RANLIB=ranlib
ac_cv_prog_ac_ct_STRIP=strip
ac_cv_prog_cc_c89=
ac_cv_prog_cc_g=yes
ac_cv_prog_cc_gcc_c_o=yes
ac_cv_prog_make_make_set=yes
ac_cv_search_sqrt=-lm
am_cv_CC_dependencies_compiler_type=gcc3
lt_cv_deplibs_check_method=pass_all
lt_cv_file_magic_cmd='$MAGIC_CMD'
lt_cv_file_magic_test_file=
lt_cv_ld_reload_flag=-r
lt_cv_nm_interface='BSD nm'
lt_cv_objdir=.libs
lt_cv_path_LD=/usr/bin/ld
lt_cv_path_NM='/usr/bin/nm -B'
lt_cv_prog_compiler_c_o=yes
lt_cv_prog_compiler_pic_works=yes
lt_cv_prog_compiler_rtti_exceptions=no
lt_cv_prog_compiler_static_works=yes
lt_cv_prog_gnu_ld=yes
lt_cv_sys_global_symbol_pipe='sed -n -e '\''s/^.*[	 ]\([ABCDGIRSTW][ABCDGIRSTW]*\)[	 ][	 ]*\([_A-Za-z][_A-Za-z0-9]*\)$/\1 \2 \2/p'\'''
lt_cv_sys_global_symbol_to_c_name_address='sed -n -e '\''s/^: \([^ ]*\) $/  {\"\1\", (void *) 0},/p'\'' -e '\''s/^[ABCDGIRSTW]* \([^ ]*\) \([^ ]*\)$/  {"\2", (void *) \&\2},/p'\'''
lt_cv_sys_global_symbol_to_c_name_address_lib_prefix='sed -n -e '\''s/^: \([^ ]*\) $/  {\"\1\", (void *) 0},/p'\'' -e '\''s/^[ABCDGIRSTW]* \([^ ]*\) \(lib[^ ]*\)$/  {"\2", (void *) \&\2},/p'\'' -e '\''s/^[ABCDGIRSTW]* \([^ ]*\) \([^ ]*\)$/  {"lib\2", (void *) \&\2},/p'\'''
lt_cv_sys_global_symbol_to_cdecl='sed -n -e '\''s/^T .* \(.*\)$/extern int \1();/p'\'' -e '\''s/^[ABCDGIRSTW]* .* \(.*\)$/extern char \1;/p'\'''
lt_cv_sys_max_cmd_len=1572864

## ----------------- ##
## Output variables. ##
## ----------------- ##

AACPLUS_CFLAGS=''
AACPLUS_CPPFLAGS='-I '
AACPLUS_LIBS='-laacplus -lm '
AACPLUS_REQUIRES=''
ACLOCAL='${SHELL} /home/andrew/pluggedin/android-ffmpeg/libaacplus-2.0.2/missing --run aclocal-1.11'
AMDEPBACKSLASH='\'
AMDEP_FALSE='#'
AMDEP_TRUE=''
AMTAR='${SHELL} /home/andrew/pluggedin/android-ffmpeg/libaacplus-2.0.2/missing --run tar'
AR='ar'
AS='as'
ASH=''
AUTOCONF='${SHELL} /home/andrew/pluggedin/android-ffmpeg/libaacplus-2.0.2/missing --run autoconf'
AUTOHEADER='${SHELL} /home/andrew/pluggedin/android-ffmpeg/libaacplus-2.0.2/missing --run autoheader'
AUTOMAKE='${SHELL} /home/andrew/pluggedin/android-ffmpeg/libaacplus-2.0.2/missing --run automake-1.11'
AWK='mawk'
BASH='/bin/bash'
CC='gcc'
CCDEPMODE='depmode=gcc3'
CFLAGS='-g -O2'
CPP='gcc -E'
CPPFLAGS=''
CYGPATH_W='echo'
DEBUG=''
DEFS='-DHAVE_CONFIG_H'
DEPDIR='.deps'
DLLTOOL='dlltool'
DOWNLOADER_PROG='/usr/bin/wget -N'
DOWNLOADER_PROG_CMD='/usr/bin/wget'
DSYMUTIL=''
DUMPBIN=''
ECHO_C=''
ECHO_N='-n'
ECHO_T=''
EGREP='/bin/grep -E'
EXEEXT=''
FFTW3_CFLAGS=''
FFTW3_INCFLAGS=''
FFTW3_LDFLAGS=''
FFTW3_LIB=''
FGREP='/bin/grep -F'
GREP='/bin/grep'
HAVE_PKGCONFIG_FALSE='#'
HAVE_PKGCONFIG_TRUE=''
INSTALL_DATA='${INSTALL} -m 644'
INSTALL_PROGRAM='${INSTALL}'
INSTALL_SCRIPT='${INSTALL}'
INSTALL_STRIP_PROGRAM='$(install_sh) -c -s'
LD='/usr/bin/ld -m elf_x86_64'
LDFLAGS=''
LIBOBJS=''
LIBS='-lm '
LIBTOOL='$(SHELL) $(top_builddir)/libtool'
LIBTOOL_DEPS='./ltmain.sh'
LIPO=''
LN_S='ln -s'
LTLIBOBJS=''
MAKEINFO='${SHELL} /home/andrew/pluggedin/android-ffmpeg/libaacplus-2.0.2/missing --run makeinfo'
MKDIR_P='/bin/mkdir -p'
NM='/usr/bin/nm -B'
NMEDIT=''
OBJDUMP='objdump'
OBJEXT='o'
OPT=''
OTOOL64=''
OTOOL=''
PACKAGE='libaacplus'
PACKAGE_BUGREPORT='Sergiy Guriev <piratfm@ua.fm>'
PACKAGE_NAME='libaacplus'
PACKAGE_STRING='libaacplus 2.0.2'
PACKAGE_TARNAME='libaacplus'
PACKAGE_URL=''
PACKAGE_VERSION='2.0.2'
PARAMETER_EXPANSION_STRING_REPLACE_CAPABLE_SHELL='/bin/bash'
PATCH='/usr/bin/patch'
PATH_SEPARATOR=':'
PKGCONFIG='yes'
PROFILE=''
RANLIB='ranlib'
SED='/bin/sed'
SET_MAKE=''
SHELL='/bin/bash'
STRIP='strip'
UNZIP='/usr/bin/unzip'
VERSION='2.0.2'
ac_ct_CC='gcc'
ac_ct_DUMPBIN=''
am__EXEEXT_FALSE=''
am__EXEEXT_TRUE='#'
am__fastdepCC_FALSE='#'
am__fastdepCC_TRUE=''
am__include='include'
am__isrc=''
am__leading_dot='.'
am__quote=''
am__tar='${AMTAR} chof - "$$tardir"'
am__untar='${AMTAR} xf -'
bindir='${exec_prefix}/bin'
build='x86_64-unknown-linux-gnu'
build_alias=''
build_cpu='x86_64'
build_os='linux-gnu'
build_vendor='unknown'
datadir='${datarootdir}'
datarootdir='${prefix}/share'
docdir='${datarootdir}/doc/${PACKAGE_TARNAME}'
dvidir='${docdir}'
exec_prefix='${prefix}'
host='x86_64-unknown-linux-gnu'
host_alias=''
host_cpu='x86_64'
host_os='linux-gnu'
host_vendor='unknown'
htmldir='${docdir}'
includedir='${prefix}/include'
infodir='${datarootdir}/info'
install_sh='${SHELL} /home/andrew/pluggedin/android-ffmpeg/libaacplus-2.0.2/install-sh'
libdir='${exec_prefix}/lib'
libexecdir='${exec_prefix}/libexec'
localedir='${datarootdir}/locale'
localstatedir='${prefix}/var'
lt_ECHO='echo'
mandir='${datarootdir}/man'
mkdir_p='/bin/mkdir -p'
oldincludedir='/usr/include'
pdfdir='${docdir}'
prefix='/usr/local'
program_transform_name='s,x,x,'
psdir='${docdir}'
sbindir='${exec_prefix}/sbin'
sharedstatedir='${prefix}/com'
sysconfdir='${prefix}/etc'
target_alias=''

## ----------- ##
## confdefs.h. ##
## ----------- ##

/* confdefs.h */
#define PACKAGE_NAME "libaacplus"
#define PACKAGE_TARNAME "libaacplus"
#define PACKAGE_VERSION "2.0.2"
#define PACKAGE_STRING "libaacplus 2.0.2"
#define PACKAGE_BUGREPORT "Sergiy Guriev <piratfm@ua.fm>"
#define PACKAGE_URL ""
#define PACKAGE "libaacplus"
#define VERSION "2.0.2"
#define STDC_HEADERS 1
#define HAVE_SYS_TYPES_H 1
#define HAVE_SYS_STAT_H 1
#define HAVE_STDLIB_H 1
#define HAVE_STRING_H 1
#define HAVE_MEMORY_H 1
#define HAVE_STRINGS_H 1
#define HAVE_INTTYPES_H 1
#define HAVE_STDINT_H 1
#define HAVE_UNISTD_H 1
#define HAVE_DLFCN_H 1
#define LT_OBJDIR ".libs/"
#define STDC_HEADERS 1
#define HAVE_FLOAT_H 1
#define HAVE_MEMORY_H 1
#define HAVE_STDINT_H 1
#define HAVE_STDLIB_H 1
#define HAVE_STRING_H 1
#define HAVE_STDLIB_H 1
#define HAVE_MALLOC 1
#define HAVE_FLOOR 1
#define HAVE_MEMMOVE 1
#define HAVE_MEMSET 1
#define HAVE_POW 1
#define HAVE_SQRT 1

configure: exit 0

## ---------------------- ##
## Running config.status. ##
## ---------------------- ##

This file was extended by libaacplus config.status 2.0.2, which was
generated by GNU Autoconf 2.67.  Invocation command line was

  CONFIG_FILES    = 
  CONFIG_HEADERS  = 
  CONFIG_LINKS    = 
  CONFIG_COMMANDS = 
  $ ./config.status config.h

on andrew-desktop

config.status:1114: creating config.h
config.status:1294: config.h is unchanged
